{"contracts/interfaces/IAaveDistributionManager.sol":{"l":{},"path":"/src/contracts/interfaces/IAaveDistributionManager.sol","s":{},"b":{},"f":{},"fnMap":{},"statementMap":{},"branchMap":{}},"contracts/interfaces/IAaveIncentivesController.sol":{"l":{},"path":"/src/contracts/interfaces/IAaveIncentivesController.sol","s":{},"b":{},"f":{},"fnMap":{},"statementMap":{},"branchMap":{}},"contracts/interfaces/IAToken.sol":{"l":{},"path":"/src/contracts/interfaces/IAToken.sol","s":{},"b":{},"f":{},"fnMap":{},"statementMap":{},"branchMap":{}},"contracts/interfaces/IDelegationAwareToken.sol":{"l":{},"path":"/src/contracts/interfaces/IDelegationAwareToken.sol","s":{},"b":{},"f":{},"fnMap":{},"statementMap":{},"branchMap":{}},"contracts/interfaces/IERC20.sol":{"l":{},"path":"/src/contracts/interfaces/IERC20.sol","s":{},"b":{},"f":{},"fnMap":{},"statementMap":{},"branchMap":{}},"contracts/interfaces/IERC20Detailed.sol":{"l":{},"path":"/src/contracts/interfaces/IERC20Detailed.sol","s":{},"b":{},"f":{},"fnMap":{},"statementMap":{},"branchMap":{}},"contracts/interfaces/ISlashableStakeToken.sol":{"l":{},"path":"/src/contracts/interfaces/ISlashableStakeToken.sol","s":{},"b":{},"f":{},"fnMap":{},"statementMap":{},"branchMap":{}},"contracts/interfaces/IStakedToken.sol":{"l":{},"path":"/src/contracts/interfaces/IStakedToken.sol","s":{},"b":{},"f":{},"fnMap":{},"statementMap":{},"branchMap":{}},"contracts/interfaces/ITransferHook.sol":{"l":{},"path":"/src/contracts/interfaces/ITransferHook.sol","s":{},"b":{},"f":{},"fnMap":{},"statementMap":{},"branchMap":{}},"contracts/lib/Address.sol":{"l":{"30":57,"31":57,"33":57,"36":57,"56":0,"59":0,"60":0},"path":"/src/contracts/lib/Address.sol","s":{"1":57,"2":57,"3":57,"4":0,"5":0,"6":0},"b":{"1":[0,0],"2":[0,0]},"f":{"1":57,"2":0},"fnMap":{"1":{"name":"isContract","line":26,"loc":{"start":{"line":26,"column":2},"end":{"line":37,"column":2}}},"2":{"name":"sendValue","line":55,"loc":{"start":{"line":55,"column":2},"end":{"line":61,"column":2}}}},"statementMap":{"1":{"start":{"line":30,"column":4},"end":{"line":30,"column":20}},"2":{"start":{"line":31,"column":4},"end":{"line":31,"column":92}},"3":{"start":{"line":36,"column":4},"end":{"line":36,"column":55}},"4":{"start":{"line":56,"column":4},"end":{"line":56,"column":76}},"5":{"start":{"line":59,"column":4},"end":{"line":59,"column":56}},"6":{"start":{"line":60,"column":4},"end":{"line":60,"column":81}}},"branchMap":{"1":{"line":56,"type":"if","locations":[{"start":{"line":56,"column":4},"end":{"line":56,"column":4}},{"start":{"line":56,"column":4},"end":{"line":56,"column":4}}]},"2":{"line":60,"type":"if","locations":[{"start":{"line":60,"column":4},"end":{"line":60,"column":4}},{"start":{"line":60,"column":4},"end":{"line":60,"column":4}}]}}},"contracts/lib/BaseAdminUpgradeabilityProxy.sol":{"l":{"38":1,"39":1,"41":0,"49":0,"56":0,"65":0,"66":0,"67":0,"76":0,"93":1,"94":1,"95":1,"102":813,"103":813,"113":4,"115":4,"124":812,"125":812},"path":"/src/contracts/lib/BaseAdminUpgradeabilityProxy.sol","s":{"1":1,"2":0,"3":0,"4":0,"5":0,"6":0,"7":0,"8":0,"9":1,"10":1,"11":1,"12":813,"13":4,"14":812,"15":812},"b":{"1":[1,0],"2":[0,0],"3":[1,0],"4":[812,0]},"f":{"1":1,"2":0,"3":0,"4":0,"5":0,"6":1,"7":813,"8":4,"9":812},"fnMap":{"1":{"name":"ifAdmin","line":37,"loc":{"start":{"line":37,"column":2},"end":{"line":43,"column":2}}},"2":{"name":"admin","line":48,"loc":{"start":{"line":48,"column":2},"end":{"line":50,"column":2}}},"3":{"name":"implementation","line":55,"loc":{"start":{"line":55,"column":2},"end":{"line":57,"column":2}}},"4":{"name":"changeAdmin","line":64,"loc":{"start":{"line":64,"column":2},"end":{"line":68,"column":2}}},"5":{"name":"upgradeTo","line":75,"loc":{"start":{"line":75,"column":2},"end":{"line":77,"column":2}}},"6":{"name":"upgradeToAndCall","line":91,"loc":{"start":{"line":88,"column":2},"end":{"line":96,"column":2}}},"7":{"name":"_admin","line":101,"loc":{"start":{"line":101,"column":2},"end":{"line":106,"column":2}}},"8":{"name":"_setAdmin","line":112,"loc":{"start":{"line":112,"column":2},"end":{"line":118,"column":2}}},"9":{"name":"_willFallback","line":123,"loc":{"start":{"line":123,"column":2},"end":{"line":126,"column":2}}}},"statementMap":{"1":{"start":{"line":38,"column":4},"end":{"line":38,"column":1392}},"2":{"start":{"line":41,"column":6},"end":{"line":41,"column":16}},"3":{"start":{"line":49,"column":4},"end":{"line":49,"column":19}},"4":{"start":{"line":56,"column":4},"end":{"line":56,"column":28}},"5":{"start":{"line":65,"column":4},"end":{"line":65,"column":92}},"6":{"start":{"line":66,"column":4},"end":{"line":66,"column":41}},"7":{"start":{"line":67,"column":4},"end":{"line":67,"column":22}},"8":{"start":{"line":76,"column":4},"end":{"line":76,"column":32}},"9":{"start":{"line":93,"column":4},"end":{"line":93,"column":32}},"10":{"start":{"line":94,"column":4},"end":{"line":94,"column":59}},"11":{"start":{"line":95,"column":4},"end":{"line":95,"column":19}},"12":{"start":{"line":102,"column":4},"end":{"line":102,"column":29}},"13":{"start":{"line":113,"column":4},"end":{"line":113,"column":29}},"14":{"start":{"line":124,"column":4},"end":{"line":124,"column":88}},"15":{"start":{"line":125,"column":4},"end":{"line":125,"column":24}}},"branchMap":{"1":{"line":38,"type":"if","locations":[{"start":{"line":38,"column":4},"end":{"line":38,"column":4}},{"start":{"line":38,"column":4},"end":{"line":38,"column":4}}]},"2":{"line":65,"type":"if","locations":[{"start":{"line":65,"column":4},"end":{"line":65,"column":4}},{"start":{"line":65,"column":4},"end":{"line":65,"column":4}}]},"3":{"line":95,"type":"if","locations":[{"start":{"line":95,"column":4},"end":{"line":95,"column":4}},{"start":{"line":95,"column":4},"end":{"line":95,"column":4}}]},"4":{"line":124,"type":"if","locations":[{"start":{"line":124,"column":4},"end":{"line":124,"column":4}},{"start":{"line":124,"column":4},"end":{"line":124,"column":4}}]}}},"contracts/lib/BaseUpgradeabilityProxy.sol":{"l":{"34":820,"35":820,"45":1,"46":1,"54":5,"59":5,"61":5},"path":"/src/contracts/lib/BaseUpgradeabilityProxy.sol","s":{"1":820,"2":1,"3":1,"4":5,"5":5},"b":{"1":[5,0]},"f":{"1":820,"2":1,"3":5},"fnMap":{"1":{"name":"_implementation","line":33,"loc":{"start":{"line":33,"column":2},"end":{"line":38,"column":2}}},"2":{"name":"_upgradeTo","line":44,"loc":{"start":{"line":44,"column":2},"end":{"line":47,"column":2}}},"3":{"name":"_setImplementation","line":53,"loc":{"start":{"line":53,"column":2},"end":{"line":64,"column":2}}}},"statementMap":{"1":{"start":{"line":34,"column":4},"end":{"line":34,"column":38}},"2":{"start":{"line":45,"column":4},"end":{"line":45,"column":40}},"3":{"start":{"line":46,"column":4},"end":{"line":46,"column":36}},"4":{"start":{"line":54,"column":4},"end":{"line":54,"column":1754}},"5":{"start":{"line":59,"column":4},"end":{"line":59,"column":38}}},"branchMap":{"1":{"line":54,"type":"if","locations":[{"start":{"line":54,"column":4},"end":{"line":54,"column":4}},{"start":{"line":54,"column":4},"end":{"line":54,"column":4}}]}}},"contracts/lib/Context.sol":{"l":{"18":152,"22":0,"23":0},"path":"/src/contracts/lib/Context.sol","s":{"1":152,"2":0},"b":{},"f":{"1":152,"2":0},"fnMap":{"1":{"name":"_msgSender","line":17,"loc":{"start":{"line":17,"column":2},"end":{"line":19,"column":2}}},"2":{"name":"_msgData","line":21,"loc":{"start":{"line":21,"column":2},"end":{"line":24,"column":2}}}},"statementMap":{"1":{"start":{"line":18,"column":4},"end":{"line":18,"column":21}},"2":{"start":{"line":23,"column":4},"end":{"line":23,"column":19}}},"branchMap":{}},"contracts/lib/DistributionTypes.sol":{"l":{},"path":"/src/contracts/lib/DistributionTypes.sol","s":{},"b":{},"f":{},"fnMap":{},"statementMap":{},"branchMap":{}},"contracts/lib/ERC20.sol":{"l":{"29":9,"30":9,"31":9,"38":1,"45":1,"52":1,"59":100,"66":267,"76":17,"77":17,"93":1,"102":39,"103":39,"118":48,"119":48,"124":48,"134":0,"135":0,"149":0,"157":0,"165":65,"166":65,"168":65,"170":65,"171":65,"172":65,"176":23,"178":23,"180":23,"181":23,"182":23,"186":4,"188":4,"190":4,"191":4,"192":4,"200":87,"201":87,"203":87,"204":87,"208":2,"212":2,"216":2},"path":"/src/contracts/lib/ERC20.sol","s":{"1":9,"2":9,"3":9,"4":1,"5":1,"6":1,"7":100,"8":267,"9":17,"10":17,"11":1,"12":39,"13":39,"14":48,"15":48,"16":48,"17":0,"18":0,"19":0,"20":0,"21":65,"22":65,"23":65,"24":65,"25":65,"26":65,"27":23,"28":23,"29":23,"30":23,"31":23,"32":4,"33":4,"34":4,"35":4,"36":4,"37":87,"38":87,"39":87,"40":87,"41":2,"42":2,"43":2},"b":{"1":[65,0],"2":[65,0],"3":[23,0],"4":[4,0],"5":[87,0],"6":[87,0]},"f":{"1":9,"2":1,"3":1,"4":1,"5":100,"6":267,"7":17,"8":1,"9":39,"10":48,"11":0,"12":0,"13":65,"14":23,"15":4,"16":87,"17":2,"18":2,"19":2,"20":65},"fnMap":{"1":{"name":"constructor","line":24,"loc":{"start":{"line":24,"column":2},"end":{"line":32,"column":2}}},"2":{"name":"name","line":37,"loc":{"start":{"line":37,"column":2},"end":{"line":39,"column":2}}},"3":{"name":"symbol","line":44,"loc":{"start":{"line":44,"column":2},"end":{"line":46,"column":2}}},"4":{"name":"decimals","line":51,"loc":{"start":{"line":51,"column":2},"end":{"line":53,"column":2}}},"5":{"name":"totalSupply","line":58,"loc":{"start":{"line":58,"column":2},"end":{"line":60,"column":2}}},"6":{"name":"balanceOf","line":65,"loc":{"start":{"line":65,"column":2},"end":{"line":67,"column":2}}},"7":{"name":"transfer","line":75,"loc":{"start":{"line":75,"column":2},"end":{"line":78,"column":2}}},"8":{"name":"allowance","line":86,"loc":{"start":{"line":86,"column":2},"end":{"line":94,"column":2}}},"9":{"name":"approve","line":101,"loc":{"start":{"line":101,"column":2},"end":{"line":104,"column":2}}},"10":{"name":"transferFrom","line":113,"loc":{"start":{"line":113,"column":2},"end":{"line":125,"column":2}}},"11":{"name":"increaseAllowance","line":133,"loc":{"start":{"line":133,"column":2},"end":{"line":136,"column":2}}},"12":{"name":"decreaseAllowance","line":144,"loc":{"start":{"line":144,"column":2},"end":{"line":158,"column":2}}},"13":{"name":"_transfer","line":160,"loc":{"start":{"line":160,"column":2},"end":{"line":173,"column":2}}},"14":{"name":"_mint","line":175,"loc":{"start":{"line":175,"column":2},"end":{"line":183,"column":2}}},"15":{"name":"_burn","line":185,"loc":{"start":{"line":185,"column":2},"end":{"line":193,"column":2}}},"16":{"name":"_approve","line":195,"loc":{"start":{"line":195,"column":2},"end":{"line":205,"column":2}}},"17":{"name":"_setName","line":207,"loc":{"start":{"line":207,"column":2},"end":{"line":209,"column":2}}},"18":{"name":"_setSymbol","line":211,"loc":{"start":{"line":211,"column":2},"end":{"line":213,"column":2}}},"19":{"name":"_setDecimals","line":215,"loc":{"start":{"line":215,"column":2},"end":{"line":217,"column":2}}},"20":{"name":"_beforeTokenTransfer","line":219,"loc":{"start":{"line":219,"column":2},"end":{"line":223,"column":22}}}},"statementMap":{"1":{"start":{"line":29,"column":4},"end":{"line":29,"column":15}},"2":{"start":{"line":30,"column":4},"end":{"line":30,"column":19}},"3":{"start":{"line":31,"column":4},"end":{"line":31,"column":23}},"4":{"start":{"line":38,"column":4},"end":{"line":38,"column":16}},"5":{"start":{"line":45,"column":4},"end":{"line":45,"column":18}},"6":{"start":{"line":52,"column":4},"end":{"line":52,"column":20}},"7":{"start":{"line":59,"column":4},"end":{"line":59,"column":23}},"8":{"start":{"line":66,"column":4},"end":{"line":66,"column":29}},"9":{"start":{"line":76,"column":4},"end":{"line":76,"column":45}},"10":{"start":{"line":77,"column":4},"end":{"line":77,"column":15}},"11":{"start":{"line":93,"column":4},"end":{"line":93,"column":38}},"12":{"start":{"line":102,"column":4},"end":{"line":102,"column":42}},"13":{"start":{"line":103,"column":4},"end":{"line":103,"column":15}},"14":{"start":{"line":118,"column":4},"end":{"line":118,"column":39}},"15":{"start":{"line":119,"column":4},"end":{"line":119,"column":3225}},"16":{"start":{"line":124,"column":4},"end":{"line":124,"column":15}},"17":{"start":{"line":134,"column":4},"end":{"line":134,"column":86}},"18":{"start":{"line":135,"column":4},"end":{"line":135,"column":15}},"19":{"start":{"line":149,"column":4},"end":{"line":149,"column":4206}},"20":{"start":{"line":157,"column":4},"end":{"line":157,"column":15}},"21":{"start":{"line":165,"column":4},"end":{"line":165,"column":73}},"22":{"start":{"line":166,"column":4},"end":{"line":166,"column":74}},"23":{"start":{"line":168,"column":4},"end":{"line":168,"column":50}},"24":{"start":{"line":170,"column":4},"end":{"line":170,"column":94}},"25":{"start":{"line":171,"column":4},"end":{"line":171,"column":58}},"26":{"start":{"line":172,"column":4},"end":{"line":172,"column":44}},"27":{"start":{"line":176,"column":4},"end":{"line":176,"column":68}},"28":{"start":{"line":178,"column":4},"end":{"line":178,"column":52}},"29":{"start":{"line":180,"column":4},"end":{"line":180,"column":42}},"30":{"start":{"line":181,"column":4},"end":{"line":181,"column":54}},"31":{"start":{"line":182,"column":4},"end":{"line":182,"column":46}},"32":{"start":{"line":186,"column":4},"end":{"line":186,"column":70}},"33":{"start":{"line":188,"column":4},"end":{"line":188,"column":52}},"34":{"start":{"line":190,"column":4},"end":{"line":190,"column":92}},"35":{"start":{"line":191,"column":4},"end":{"line":191,"column":42}},"36":{"start":{"line":192,"column":4},"end":{"line":192,"column":46}},"37":{"start":{"line":200,"column":4},"end":{"line":200,"column":71}},"38":{"start":{"line":201,"column":4},"end":{"line":201,"column":71}},"39":{"start":{"line":203,"column":4},"end":{"line":203,"column":39}},"40":{"start":{"line":204,"column":4},"end":{"line":204,"column":41}},"41":{"start":{"line":208,"column":4},"end":{"line":208,"column":18}},"42":{"start":{"line":212,"column":4},"end":{"line":212,"column":22}},"43":{"start":{"line":216,"column":4},"end":{"line":216,"column":26}}},"branchMap":{"1":{"line":165,"type":"if","locations":[{"start":{"line":165,"column":4},"end":{"line":165,"column":4}},{"start":{"line":165,"column":4},"end":{"line":165,"column":4}}]},"2":{"line":166,"type":"if","locations":[{"start":{"line":166,"column":4},"end":{"line":166,"column":4}},{"start":{"line":166,"column":4},"end":{"line":166,"column":4}}]},"3":{"line":176,"type":"if","locations":[{"start":{"line":176,"column":4},"end":{"line":176,"column":4}},{"start":{"line":176,"column":4},"end":{"line":176,"column":4}}]},"4":{"line":186,"type":"if","locations":[{"start":{"line":186,"column":4},"end":{"line":186,"column":4}},{"start":{"line":186,"column":4},"end":{"line":186,"column":4}}]},"5":{"line":200,"type":"if","locations":[{"start":{"line":200,"column":4},"end":{"line":200,"column":4}},{"start":{"line":200,"column":4},"end":{"line":200,"column":4}}]},"6":{"line":201,"type":"if","locations":[{"start":{"line":201,"column":4},"end":{"line":201,"column":4}},{"start":{"line":201,"column":4},"end":{"line":201,"column":4}}]}}},"contracts/lib/ERC20WithSnapshot.sol":{"l":{"38":2,"52":32,"54":32,"55":32,"58":32,"62":0,"64":32,"65":32,"68":32,"85":27,"86":1,"89":26,"90":10,"91":10,"93":26,"94":22,"95":22,"99":26,"100":26,"101":26},"path":"/src/contracts/lib/ERC20WithSnapshot.sol","s":{"1":2,"2":32,"3":32,"4":32,"5":32,"6":0,"7":32,"8":32,"9":32,"10":27,"11":1,"12":26,"13":10,"14":10,"15":26,"16":22,"17":22,"18":26,"19":26,"20":26},"b":{"1":[0,32],"2":[1,26],"3":[10,16],"4":[22,4],"5":[26,0]},"f":{"1":6,"2":2,"3":32,"4":27},"fnMap":{"1":{"name":"constructor","line":35,"loc":{"start":{"line":31,"column":2},"end":{"line":35,"column":42}}},"2":{"name":"_setAaveGovernance","line":37,"loc":{"start":{"line":37,"column":2},"end":{"line":39,"column":2}}},"3":{"name":"_writeSnapshot","line":47,"loc":{"start":{"line":47,"column":2},"end":{"line":69,"column":2}}},"4":{"name":"_beforeTokenTransfer","line":80,"loc":{"start":{"line":80,"column":2},"end":{"line":103,"column":2}}}},"statementMap":{"1":{"start":{"line":38,"column":4},"end":{"line":38,"column":35}},"2":{"start":{"line":52,"column":4},"end":{"line":52,"column":48}},"3":{"start":{"line":54,"column":4},"end":{"line":54,"column":59}},"4":{"start":{"line":55,"column":4},"end":{"line":55,"column":75}},"5":{"start":{"line":58,"column":4},"end":{"line":58,"column":1936}},"6":{"start":{"line":62,"column":6},"end":{"line":62,"column":66}},"7":{"start":{"line":64,"column":6},"end":{"line":64,"column":77}},"8":{"start":{"line":65,"column":6},"end":{"line":65,"column":59}},"9":{"start":{"line":68,"column":4},"end":{"line":68,"column":48}},"10":{"start":{"line":85,"column":4},"end":{"line":85,"column":2823}},"11":{"start":{"line":86,"column":6},"end":{"line":86,"column":12}},"12":{"start":{"line":89,"column":4},"end":{"line":89,"column":2866}},"13":{"start":{"line":90,"column":6},"end":{"line":90,"column":43}},"14":{"start":{"line":91,"column":6},"end":{"line":91,"column":81}},"15":{"start":{"line":93,"column":4},"end":{"line":93,"column":3031}},"16":{"start":{"line":94,"column":6},"end":{"line":94,"column":39}},"17":{"start":{"line":95,"column":6},"end":{"line":95,"column":75}},"18":{"start":{"line":99,"column":4},"end":{"line":99,"column":50}},"19":{"start":{"line":100,"column":4},"end":{"line":100,"column":3310}},"20":{"start":{"line":101,"column":6},"end":{"line":101,"column":48}}},"branchMap":{"1":{"line":58,"type":"if","locations":[{"start":{"line":58,"column":4},"end":{"line":58,"column":4}},{"start":{"line":58,"column":4},"end":{"line":58,"column":4}}]},"2":{"line":85,"type":"if","locations":[{"start":{"line":85,"column":4},"end":{"line":85,"column":4}},{"start":{"line":85,"column":4},"end":{"line":85,"column":4}}]},"3":{"line":89,"type":"if","locations":[{"start":{"line":89,"column":4},"end":{"line":89,"column":4}},{"start":{"line":89,"column":4},"end":{"line":89,"column":4}}]},"4":{"line":93,"type":"if","locations":[{"start":{"line":93,"column":4},"end":{"line":93,"column":4}},{"start":{"line":93,"column":4},"end":{"line":93,"column":4}}]},"5":{"line":100,"type":"if","locations":[{"start":{"line":100,"column":4},"end":{"line":100,"column":4}},{"start":{"line":100,"column":4},"end":{"line":100,"column":4}}]}}},"contracts/lib/GovernancePowerWithSnapshot.sol":{"l":{"34":0},"path":"/src/contracts/lib/GovernancePowerWithSnapshot.sol","s":{"1":0},"b":{},"f":{"1":0},"fnMap":{"1":{"name":"_setAaveGovernance","line":33,"loc":{"start":{"line":33,"column":2},"end":{"line":35,"column":2}}}},"statementMap":{"1":{"start":{"line":34,"column":4},"end":{"line":34,"column":35}}},"branchMap":{}},"contracts/lib/InitializableAdminUpgradeabilityProxy.sol":{"l":{"31":4,"32":4,"33":4,"34":4,"41":812},"path":"/src/contracts/lib/InitializableAdminUpgradeabilityProxy.sol","s":{"1":4,"2":4,"3":4,"4":4,"5":812},"b":{"1":[4,0]},"f":{"1":4,"2":812},"fnMap":{"1":{"name":"initialize","line":26,"loc":{"start":{"line":26,"column":2},"end":{"line":35,"column":2}}},"2":{"name":"_willFallback","line":40,"loc":{"start":{"line":40,"column":2},"end":{"line":42,"column":2}}}},"statementMap":{"1":{"start":{"line":31,"column":4},"end":{"line":31,"column":43}},"2":{"start":{"line":32,"column":4},"end":{"line":32,"column":61}},"3":{"start":{"line":33,"column":4},"end":{"line":33,"column":79}},"4":{"start":{"line":34,"column":4},"end":{"line":34,"column":20}},"5":{"start":{"line":41,"column":4},"end":{"line":41,"column":47}}},"branchMap":{"1":{"line":31,"type":"if","locations":[{"start":{"line":31,"column":4},"end":{"line":31,"column":4}},{"start":{"line":31,"column":4},"end":{"line":31,"column":4}}]}}},"contracts/lib/InitializableUpgradeabilityProxy.sol":{"l":{"22":4,"23":4,"24":4,"25":4,"26":4,"27":4},"path":"/src/contracts/lib/InitializableUpgradeabilityProxy.sol","s":{"1":4,"2":4,"3":4,"4":4,"5":4,"6":4},"b":{"1":[4,0],"2":[4,0],"3":[4,0]},"f":{"1":4},"fnMap":{"1":{"name":"initialize","line":21,"loc":{"start":{"line":21,"column":2},"end":{"line":29,"column":2}}}},"statementMap":{"1":{"start":{"line":22,"column":4},"end":{"line":22,"column":43}},"2":{"start":{"line":23,"column":4},"end":{"line":23,"column":97}},"3":{"start":{"line":24,"column":4},"end":{"line":24,"column":29}},"4":{"start":{"line":25,"column":4},"end":{"line":25,"column":1222}},"5":{"start":{"line":26,"column":6},"end":{"line":26,"column":51}},"6":{"start":{"line":27,"column":6},"end":{"line":27,"column":21}}},"branchMap":{"1":{"line":22,"type":"if","locations":[{"start":{"line":22,"column":4},"end":{"line":22,"column":4}},{"start":{"line":22,"column":4},"end":{"line":22,"column":4}}]},"2":{"line":25,"type":"if","locations":[{"start":{"line":25,"column":4},"end":{"line":25,"column":4}},{"start":{"line":25,"column":4},"end":{"line":25,"column":4}}]},"3":{"line":27,"type":"if","locations":[{"start":{"line":27,"column":6},"end":{"line":27,"column":6}},{"start":{"line":27,"column":6},"end":{"line":27,"column":6}}]}}},"contracts/lib/PercentageMath.sol":{"l":{"23":2,"24":0,"27":2,"32":2,"42":0,"43":0,"45":0,"50":0},"path":"/src/contracts/lib/PercentageMath.sol","s":{"1":2,"2":0,"3":2,"4":2,"5":0,"6":0,"7":0,"8":0},"b":{"1":[0,2],"2":[2,0],"3":[0,0],"4":[0,0]},"f":{"1":2,"2":0},"fnMap":{"1":{"name":"percentMul","line":22,"loc":{"start":{"line":22,"column":2},"end":{"line":33,"column":2}}},"2":{"name":"percentDiv","line":41,"loc":{"start":{"line":41,"column":2},"end":{"line":51,"column":2}}}},"statementMap":{"1":{"start":{"line":23,"column":4},"end":{"line":23,"column":852}},"2":{"start":{"line":24,"column":6},"end":{"line":24,"column":14}},"3":{"start":{"line":27,"column":4},"end":{"line":27,"column":916}},"4":{"start":{"line":32,"column":4},"end":{"line":32,"column":66}},"5":{"start":{"line":42,"column":4},"end":{"line":42,"column":52}},"6":{"start":{"line":43,"column":4},"end":{"line":43,"column":43}},"7":{"start":{"line":45,"column":4},"end":{"line":45,"column":1546}},"8":{"start":{"line":50,"column":4},"end":{"line":50,"column":68}}},"branchMap":{"1":{"line":23,"type":"if","locations":[{"start":{"line":23,"column":4},"end":{"line":23,"column":4}},{"start":{"line":23,"column":4},"end":{"line":23,"column":4}}]},"2":{"line":27,"type":"if","locations":[{"start":{"line":27,"column":4},"end":{"line":27,"column":4}},{"start":{"line":27,"column":4},"end":{"line":27,"column":4}}]},"3":{"line":42,"type":"if","locations":[{"start":{"line":42,"column":4},"end":{"line":42,"column":4}},{"start":{"line":42,"column":4},"end":{"line":42,"column":4}}]},"4":{"line":45,"type":"if","locations":[{"start":{"line":45,"column":4},"end":{"line":45,"column":4}},{"start":{"line":45,"column":4},"end":{"line":45,"column":4}}]}}},"contracts/lib/Proxy.sol":{"l":{"18":812,"33":812,"69":812,"70":812},"path":"/src/contracts/lib/Proxy.sol","s":{"1":812,"2":812,"3":812},"b":{},"f":{"1":812,"2":812,"3":812,"4":812},"fnMap":{"1":{"name":null,"line":17,"loc":{"start":{"line":17,"column":2},"end":{"line":19,"column":2}}},"2":{"name":"_delegate","line":32,"loc":{"start":{"line":32,"column":2},"end":{"line":55,"column":2}}},"3":{"name":"_willFallback","line":62,"loc":{"start":{"line":62,"column":2},"end":{"line":62,"column":45}}},"4":{"name":"_fallback","line":68,"loc":{"start":{"line":68,"column":2},"end":{"line":71,"column":2}}}},"statementMap":{"1":{"start":{"line":18,"column":4},"end":{"line":18,"column":14}},"2":{"start":{"line":69,"column":4},"end":{"line":69,"column":18}},"3":{"start":{"line":70,"column":4},"end":{"line":70,"column":31}}},"branchMap":{}},"contracts/lib/SafeERC20.sol":{"l":{"28":10,"37":42,"45":0,"49":0,"53":52,"56":52,"57":52,"59":52,"62":52},"path":"/src/contracts/lib/SafeERC20.sol","s":{"1":10,"2":42,"3":0,"4":0,"5":52,"6":52,"7":52,"8":52,"9":52},"b":{"1":[0,0],"2":[52,0],"3":[52,0],"4":[52,0],"5":[52,0]},"f":{"1":10,"2":42,"3":0,"4":52},"fnMap":{"1":{"name":"safeTransfer","line":23,"loc":{"start":{"line":23,"column":2},"end":{"line":29,"column":2}}},"2":{"name":"safeTransferFrom","line":31,"loc":{"start":{"line":31,"column":2},"end":{"line":38,"column":2}}},"3":{"name":"safeApprove","line":40,"loc":{"start":{"line":40,"column":2},"end":{"line":50,"column":2}}},"4":{"name":"callOptionalReturn","line":52,"loc":{"start":{"line":52,"column":2},"end":{"line":64,"column":2}}}},"statementMap":{"1":{"start":{"line":28,"column":4},"end":{"line":28,"column":88}},"2":{"start":{"line":37,"column":4},"end":{"line":37,"column":98}},"3":{"start":{"line":45,"column":4},"end":{"line":45,"column":1301}},"4":{"start":{"line":49,"column":4},"end":{"line":49,"column":92}},"5":{"start":{"line":53,"column":4},"end":{"line":53,"column":74}},"6":{"start":{"line":56,"column":4},"end":{"line":56,"column":71}},"7":{"start":{"line":57,"column":4},"end":{"line":57,"column":55}},"8":{"start":{"line":59,"column":4},"end":{"line":59,"column":1892}},"9":{"start":{"line":62,"column":6},"end":{"line":62,"column":90}}},"branchMap":{"1":{"line":45,"type":"if","locations":[{"start":{"line":45,"column":4},"end":{"line":45,"column":4}},{"start":{"line":45,"column":4},"end":{"line":45,"column":4}}]},"2":{"line":53,"type":"if","locations":[{"start":{"line":53,"column":4},"end":{"line":53,"column":4}},{"start":{"line":53,"column":4},"end":{"line":53,"column":4}}]},"3":{"line":57,"type":"if","locations":[{"start":{"line":57,"column":4},"end":{"line":57,"column":4}},{"start":{"line":57,"column":4},"end":{"line":57,"column":4}}]},"4":{"line":59,"type":"if","locations":[{"start":{"line":59,"column":4},"end":{"line":59,"column":4}},{"start":{"line":59,"column":4},"end":{"line":59,"column":4}}]},"5":{"line":62,"type":"if","locations":[{"start":{"line":62,"column":6},"end":{"line":62,"column":6}},{"start":{"line":62,"column":6},"end":{"line":62,"column":6}}]}}},"contracts/lib/SafeMath.sol":{"l":{"29":604,"30":604,"32":604,"45":281,"62":406,"63":403,"65":403,"81":288,"82":33,"85":255,"86":255,"88":255,"103":230,"123":230,"124":230,"127":230,"142":0,"161":0,"162":0},"path":"/src/contracts/lib/SafeMath.sol","s":{"1":604,"2":604,"3":604,"4":281,"5":406,"6":403,"7":403,"8":288,"9":33,"10":255,"11":255,"12":255,"13":230,"14":230,"15":230,"16":230,"17":0,"18":0,"19":0},"b":{"1":[604,0],"2":[403,3],"3":[33,255],"4":[255,0],"5":[230,0],"6":[0,0]},"f":{"1":604,"2":281,"3":406,"4":288,"5":230,"6":230,"7":0,"8":0},"fnMap":{"1":{"name":"add","line":28,"loc":{"start":{"line":28,"column":2},"end":{"line":33,"column":2}}},"2":{"name":"sub","line":44,"loc":{"start":{"line":44,"column":2},"end":{"line":46,"column":2}}},"3":{"name":"sub","line":57,"loc":{"start":{"line":57,"column":2},"end":{"line":66,"column":2}}},"4":{"name":"mul","line":77,"loc":{"start":{"line":77,"column":2},"end":{"line":89,"column":2}}},"5":{"name":"div","line":102,"loc":{"start":{"line":102,"column":2},"end":{"line":104,"column":2}}},"6":{"name":"div","line":117,"loc":{"start":{"line":117,"column":2},"end":{"line":128,"column":2}}},"7":{"name":"mod","line":141,"loc":{"start":{"line":141,"column":2},"end":{"line":143,"column":2}}},"8":{"name":"mod","line":156,"loc":{"start":{"line":156,"column":2},"end":{"line":163,"column":2}}}},"statementMap":{"1":{"start":{"line":29,"column":4},"end":{"line":29,"column":21}},"2":{"start":{"line":30,"column":4},"end":{"line":30,"column":49}},"3":{"start":{"line":32,"column":4},"end":{"line":32,"column":12}},"4":{"start":{"line":45,"column":4},"end":{"line":45,"column":54}},"5":{"start":{"line":62,"column":4},"end":{"line":62,"column":32}},"6":{"start":{"line":63,"column":4},"end":{"line":63,"column":21}},"7":{"start":{"line":65,"column":4},"end":{"line":65,"column":12}},"8":{"start":{"line":81,"column":4},"end":{"line":81,"column":2404}},"9":{"start":{"line":82,"column":6},"end":{"line":82,"column":14}},"10":{"start":{"line":85,"column":4},"end":{"line":85,"column":21}},"11":{"start":{"line":86,"column":4},"end":{"line":86,"column":59}},"12":{"start":{"line":88,"column":4},"end":{"line":88,"column":12}},"13":{"start":{"line":103,"column":4},"end":{"line":103,"column":50}},"14":{"start":{"line":123,"column":4},"end":{"line":123,"column":31}},"15":{"start":{"line":124,"column":4},"end":{"line":124,"column":21}},"16":{"start":{"line":127,"column":4},"end":{"line":127,"column":12}},"17":{"start":{"line":142,"column":4},"end":{"line":142,"column":48}},"18":{"start":{"line":161,"column":4},"end":{"line":161,"column":32}},"19":{"start":{"line":162,"column":4},"end":{"line":162,"column":16}}},"branchMap":{"1":{"line":30,"type":"if","locations":[{"start":{"line":30,"column":4},"end":{"line":30,"column":4}},{"start":{"line":30,"column":4},"end":{"line":30,"column":4}}]},"2":{"line":62,"type":"if","locations":[{"start":{"line":62,"column":4},"end":{"line":62,"column":4}},{"start":{"line":62,"column":4},"end":{"line":62,"column":4}}]},"3":{"line":81,"type":"if","locations":[{"start":{"line":81,"column":4},"end":{"line":81,"column":4}},{"start":{"line":81,"column":4},"end":{"line":81,"column":4}}]},"4":{"line":86,"type":"if","locations":[{"start":{"line":86,"column":4},"end":{"line":86,"column":4}},{"start":{"line":86,"column":4},"end":{"line":86,"column":4}}]},"5":{"line":123,"type":"if","locations":[{"start":{"line":123,"column":4},"end":{"line":123,"column":4}},{"start":{"line":123,"column":4},"end":{"line":123,"column":4}}]},"6":{"line":161,"type":"if","locations":[{"start":{"line":161,"column":4},"end":{"line":161,"column":4}},{"start":{"line":161,"column":4},"end":{"line":161,"column":4}}]}}},"contracts/lib/UpgradeabilityProxy.sol":{"l":{"22":0,"23":0,"24":0,"25":0,"26":0},"path":"/src/contracts/lib/UpgradeabilityProxy.sol","s":{"1":0,"2":0,"3":0,"4":0,"5":0},"b":{"1":[0,0],"2":[0,0]},"f":{"1":0},"fnMap":{"1":{"name":"constructor","line":21,"loc":{"start":{"line":21,"column":2},"end":{"line":28,"column":2}}}},"statementMap":{"1":{"start":{"line":22,"column":4},"end":{"line":22,"column":97}},"2":{"start":{"line":23,"column":4},"end":{"line":23,"column":29}},"3":{"start":{"line":24,"column":4},"end":{"line":24,"column":1146}},"4":{"start":{"line":25,"column":6},"end":{"line":25,"column":51}},"5":{"start":{"line":26,"column":6},"end":{"line":26,"column":21}}},"branchMap":{"1":{"line":24,"type":"if","locations":[{"start":{"line":24,"column":4},"end":{"line":24,"column":4}},{"start":{"line":24,"column":4},"end":{"line":24,"column":4}}]},"2":{"line":26,"type":"if","locations":[{"start":{"line":26,"column":6},"end":{"line":26,"column":6}},{"start":{"line":26,"column":6},"end":{"line":26,"column":6}}]}}},"contracts/stake/AaveDistributionManager.sol":{"l":{"37":21,"38":21,"49":53,"51":52,"52":54,"54":54,"60":54,"62":54,"81":156,"82":156,"84":156,"85":16,"88":140,"91":140,"92":51,"93":51,"96":140,"98":140,"115":102,"116":102,"117":102,"119":102,"121":102,"122":41,"123":30,"126":41,"127":41,"130":102,"143":7,"145":7,"146":7,"156":7,"170":123,"172":123,"173":123,"174":123,"182":123,"186":123,"201":153,"218":263,"224":210,"227":53,"229":53,"230":53,"243":149},"path":"/src/contracts/stake/AaveDistributionManager.sol","s":{"1":21,"2":21,"3":53,"4":52,"5":54,"6":54,"7":54,"8":54,"9":156,"10":156,"11":156,"12":16,"13":140,"14":140,"15":51,"16":51,"17":140,"18":140,"19":102,"20":102,"21":102,"22":102,"23":102,"24":41,"25":30,"26":41,"27":41,"28":102,"29":7,"30":7,"31":7,"32":7,"33":123,"34":123,"35":123,"36":123,"37":123,"38":123,"39":153,"40":263,"41":210,"42":53,"43":53,"44":53,"45":149},"b":{"1":[52,1],"2":[16,140],"3":[51,89],"4":[41,61],"5":[30,11],"6":[210,53]},"f":{"1":21,"2":53,"3":156,"4":102,"5":7,"6":123,"7":153,"8":263,"9":149},"fnMap":{"1":{"name":"constructor","line":36,"loc":{"start":{"line":36,"column":2},"end":{"line":39,"column":2}}},"2":{"name":"configureAssets","line":45,"loc":{"start":{"line":45,"column":2},"end":{"line":67,"column":2}}},"3":{"name":"_updateAssetStateInternal","line":76,"loc":{"start":{"line":76,"column":2},"end":{"line":99,"column":2}}},"4":{"name":"_updateUserAssetInternal","line":109,"loc":{"start":{"line":109,"column":2},"end":{"line":131,"column":2}}},"5":{"name":"_claimRewards","line":139,"loc":{"start":{"line":139,"column":2},"end":{"line":157,"column":2}}},"6":{"name":"_getUnclaimedRewards","line":165,"loc":{"start":{"line":165,"column":2},"end":{"line":187,"column":2}}},"7":{"name":"_getRewards","line":196,"loc":{"start":{"line":196,"column":2},"end":{"line":202,"column":2}}},"8":{"name":"_getAssetIndex","line":212,"loc":{"start":{"line":212,"column":2},"end":{"line":234,"column":2}}},"9":{"name":"getUserAssetData","line":242,"loc":{"start":{"line":242,"column":2},"end":{"line":244,"column":2}}}},"statementMap":{"1":{"start":{"line":37,"column":4},"end":{"line":37,"column":63}},"2":{"start":{"line":38,"column":4},"end":{"line":38,"column":37}},"3":{"start":{"line":49,"column":4},"end":{"line":49,"column":67}},"4":{"start":{"line":51,"column":4},"end":{"line":51,"column":1606}},"5":{"start":{"line":52,"column":6},"end":{"line":52,"column":82}},"6":{"start":{"line":54,"column":6},"end":{"line":54,"column":1756}},"7":{"start":{"line":60,"column":6},"end":{"line":60,"column":75}},"8":{"start":{"line":62,"column":6},"end":{"line":62,"column":1987}},"9":{"start":{"line":81,"column":4},"end":{"line":81,"column":40}},"10":{"start":{"line":82,"column":4},"end":{"line":82,"column":65}},"11":{"start":{"line":84,"column":4},"end":{"line":84,"column":2802}},"12":{"start":{"line":85,"column":6},"end":{"line":85,"column":21}},"13":{"start":{"line":88,"column":4},"end":{"line":88,"column":2973}},"14":{"start":{"line":91,"column":4},"end":{"line":91,"column":3003}},"15":{"start":{"line":92,"column":6},"end":{"line":92,"column":33}},"16":{"start":{"line":93,"column":6},"end":{"line":93,"column":55}},"17":{"start":{"line":96,"column":4},"end":{"line":96,"column":61}},"18":{"start":{"line":98,"column":4},"end":{"line":98,"column":19}},"19":{"start":{"line":115,"column":4},"end":{"line":115,"column":47}},"20":{"start":{"line":116,"column":4},"end":{"line":116,"column":45}},"21":{"start":{"line":117,"column":4},"end":{"line":117,"column":30}},"22":{"start":{"line":119,"column":4},"end":{"line":119,"column":79}},"23":{"start":{"line":121,"column":4},"end":{"line":121,"column":3995}},"24":{"start":{"line":122,"column":6},"end":{"line":122,"column":4032}},"25":{"start":{"line":123,"column":8},"end":{"line":123,"column":70}},"26":{"start":{"line":126,"column":6},"end":{"line":126,"column":37}},"27":{"start":{"line":127,"column":6},"end":{"line":127,"column":50}},"28":{"start":{"line":130,"column":4},"end":{"line":130,"column":25}},"29":{"start":{"line":143,"column":4},"end":{"line":143,"column":30}},"30":{"start":{"line":145,"column":4},"end":{"line":145,"column":4733}},"31":{"start":{"line":146,"column":6},"end":{"line":146,"column":4787}},"32":{"start":{"line":156,"column":4},"end":{"line":156,"column":25}},"33":{"start":{"line":170,"column":4},"end":{"line":170,"column":30}},"34":{"start":{"line":172,"column":4},"end":{"line":172,"column":5483}},"35":{"start":{"line":173,"column":6},"end":{"line":173,"column":71}},"36":{"start":{"line":174,"column":6},"end":{"line":174,"column":5613}},"37":{"start":{"line":182,"column":6},"end":{"line":182,"column":5818}},"38":{"start":{"line":186,"column":4},"end":{"line":186,"column":25}},"39":{"start":{"line":201,"column":4},"end":{"line":201,"column":92}},"40":{"start":{"line":218,"column":4},"end":{"line":218,"column":7198}},"41":{"start":{"line":224,"column":6},"end":{"line":224,"column":25}},"42":{"start":{"line":227,"column":4},"end":{"line":227,"column":7475}},"43":{"start":{"line":229,"column":4},"end":{"line":229,"column":65}},"44":{"start":{"line":230,"column":4},"end":{"line":230,"column":7582}},"45":{"start":{"line":243,"column":4},"end":{"line":243,"column":36}}},"branchMap":{"1":{"line":49,"type":"if","locations":[{"start":{"line":49,"column":4},"end":{"line":49,"column":4}},{"start":{"line":49,"column":4},"end":{"line":49,"column":4}}]},"2":{"line":84,"type":"if","locations":[{"start":{"line":84,"column":4},"end":{"line":84,"column":4}},{"start":{"line":84,"column":4},"end":{"line":84,"column":4}}]},"3":{"line":91,"type":"if","locations":[{"start":{"line":91,"column":4},"end":{"line":91,"column":4}},{"start":{"line":91,"column":4},"end":{"line":91,"column":4}}]},"4":{"line":121,"type":"if","locations":[{"start":{"line":121,"column":4},"end":{"line":121,"column":4}},{"start":{"line":121,"column":4},"end":{"line":121,"column":4}}]},"5":{"line":122,"type":"if","locations":[{"start":{"line":122,"column":6},"end":{"line":122,"column":6}},{"start":{"line":122,"column":6},"end":{"line":122,"column":6}}]},"6":{"line":218,"type":"if","locations":[{"start":{"line":218,"column":4},"end":{"line":218,"column":4}},{"start":{"line":218,"column":4},"end":{"line":218,"column":4}}]}}},"contracts/stake/AaveIncentivesController.sol":{"l":{"47":9,"48":9,"49":9,"50":9,"58":2,"72":8,"73":8,"74":4,"75":4,"90":3,"92":3,"94":3,"95":3,"96":3,"99":3,"100":3,"116":8,"117":1,"119":7,"120":7,"122":7,"124":7,"125":7,"126":7,"130":7,"131":7,"132":6,"133":6,"136":7,"137":1,"140":6,"141":6,"143":6,"144":3,"145":3,"146":3,"148":3,"150":6,"152":6,"161":29,"168":3},"path":"/src/contracts/stake/AaveIncentivesController.sol","s":{"1":9,"2":9,"3":9,"4":9,"5":2,"6":8,"7":8,"8":4,"9":4,"10":3,"11":3,"12":3,"13":3,"14":3,"15":3,"16":3,"17":8,"18":1,"19":7,"20":7,"21":7,"22":7,"23":7,"24":7,"25":7,"26":7,"27":6,"28":6,"29":7,"30":1,"31":6,"32":6,"33":6,"34":3,"35":3,"36":3,"37":3,"38":6,"39":6,"40":29,"41":3},"b":{"1":[4,4],"2":[1,7],"3":[6,1],"4":[1,6],"5":[3,3]},"f":{"1":9,"2":2,"3":8,"4":3,"5":8,"6":29,"7":3},"fnMap":{"1":{"name":"constructor","line":46,"loc":{"start":{"line":39,"column":2},"end":{"line":51,"column":2}}},"2":{"name":"initialize","line":56,"loc":{"start":{"line":56,"column":2},"end":{"line":59,"column":2}}},"3":{"name":"handleAction","line":67,"loc":{"start":{"line":67,"column":2},"end":{"line":77,"column":2}}},"4":{"name":"getRewardsBalance","line":84,"loc":{"start":{"line":84,"column":2},"end":{"line":101,"column":2}}},"5":{"name":"claimRewards","line":110,"loc":{"start":{"line":110,"column":2},"end":{"line":153,"column":2}}},"6":{"name":"getUserUnclaimedRewards","line":160,"loc":{"start":{"line":160,"column":2},"end":{"line":162,"column":2}}},"7":{"name":"getRevision","line":167,"loc":{"start":{"line":167,"column":2},"end":{"line":169,"column":2}}}},"statementMap":{"1":{"start":{"line":47,"column":4},"end":{"line":47,"column":29}},"2":{"start":{"line":48,"column":4},"end":{"line":48,"column":31}},"3":{"start":{"line":49,"column":4},"end":{"line":49,"column":12}},"4":{"start":{"line":50,"column":4},"end":{"line":50,"column":36}},"5":{"start":{"line":58,"column":4},"end":{"line":58,"column":56}},"6":{"start":{"line":72,"column":4},"end":{"line":72,"column":97}},"7":{"start":{"line":73,"column":4},"end":{"line":73,"column":2467}},"8":{"start":{"line":74,"column":6},"end":{"line":74,"column":84}},"9":{"start":{"line":75,"column":6},"end":{"line":75,"column":47}},"10":{"start":{"line":90,"column":4},"end":{"line":90,"column":59}},"11":{"start":{"line":92,"column":4},"end":{"line":92,"column":3057}},"12":{"start":{"line":94,"column":4},"end":{"line":94,"column":3121}},"13":{"start":{"line":95,"column":6},"end":{"line":95,"column":45}},"14":{"start":{"line":96,"column":6},"end":{"line":96,"column":3260}},"15":{"start":{"line":99,"column":4},"end":{"line":99,"column":81}},"16":{"start":{"line":100,"column":4},"end":{"line":100,"column":27}},"17":{"start":{"line":116,"column":4},"end":{"line":116,"column":3987}},"18":{"start":{"line":117,"column":6},"end":{"line":117,"column":14}},"19":{"start":{"line":119,"column":4},"end":{"line":119,"column":29}},"20":{"start":{"line":120,"column":4},"end":{"line":120,"column":59}},"21":{"start":{"line":122,"column":4},"end":{"line":122,"column":4180}},"22":{"start":{"line":124,"column":4},"end":{"line":124,"column":4244}},"23":{"start":{"line":125,"column":6},"end":{"line":125,"column":45}},"24":{"start":{"line":126,"column":6},"end":{"line":126,"column":4383}},"25":{"start":{"line":130,"column":4},"end":{"line":130,"column":59}},"26":{"start":{"line":131,"column":4},"end":{"line":131,"column":4537}},"27":{"start":{"line":132,"column":6},"end":{"line":132,"column":60}},"28":{"start":{"line":133,"column":6},"end":{"line":133,"column":47}},"29":{"start":{"line":136,"column":4},"end":{"line":136,"column":4687}},"30":{"start":{"line":137,"column":6},"end":{"line":137,"column":14}},"31":{"start":{"line":140,"column":4},"end":{"line":140,"column":81}},"32":{"start":{"line":141,"column":4},"end":{"line":141,"column":66}},"33":{"start":{"line":143,"column":4},"end":{"line":143,"column":4929}},"34":{"start":{"line":144,"column":6},"end":{"line":144,"column":84}},"35":{"start":{"line":145,"column":6},"end":{"line":145,"column":75}},"36":{"start":{"line":146,"column":6},"end":{"line":146,"column":33}},"37":{"start":{"line":148,"column":6},"end":{"line":148,"column":64}},"38":{"start":{"line":150,"column":4},"end":{"line":150,"column":54}},"39":{"start":{"line":152,"column":4},"end":{"line":152,"column":24}},"40":{"start":{"line":161,"column":4},"end":{"line":161,"column":40}},"41":{"start":{"line":168,"column":4},"end":{"line":168,"column":19}}},"branchMap":{"1":{"line":73,"type":"if","locations":[{"start":{"line":73,"column":4},"end":{"line":73,"column":4}},{"start":{"line":73,"column":4},"end":{"line":73,"column":4}}]},"2":{"line":116,"type":"if","locations":[{"start":{"line":116,"column":4},"end":{"line":116,"column":4}},{"start":{"line":116,"column":4},"end":{"line":116,"column":4}}]},"3":{"line":131,"type":"if","locations":[{"start":{"line":131,"column":4},"end":{"line":131,"column":4}},{"start":{"line":131,"column":4},"end":{"line":131,"column":4}}]},"4":{"line":136,"type":"if","locations":[{"start":{"line":136,"column":4},"end":{"line":136,"column":4}},{"start":{"line":136,"column":4},"end":{"line":136,"column":4}}]},"5":{"line":143,"type":"if","locations":[{"start":{"line":143,"column":4},"end":{"line":143,"column":4}},{"start":{"line":143,"column":4},"end":{"line":143,"column":4}}]}}},"contracts/stake/StakedAave.sol":{"l":{},"path":"/src/contracts/stake/StakedAave.sol","s":{},"b":{},"f":{"1":6},"fnMap":{"1":{"name":"constructor","line":39,"loc":{"start":{"line":18,"column":2},"end":{"line":40,"column":3}}}},"statementMap":{},"branchMap":{}},"contracts/stake/StakedAaveV2.sol":{"l":{},"path":"/src/contracts/stake/StakedAaveV2.sol","s":{},"b":{},"f":{"1":3},"fnMap":{"1":{"name":"constructor","line":41,"loc":{"start":{"line":18,"column":2},"end":{"line":42,"column":3}}}},"statementMap":{},"branchMap":{}},"contracts/stake/StakedAaveV3.sol":{"l":{},"path":"/src/contracts/stake/StakedAaveV3.sol","s":{},"b":{},"f":{"1":3},"fnMap":{"1":{"name":"constructor","line":41,"loc":{"start":{"line":18,"column":2},"end":{"line":42,"column":3}}}},"statementMap":{},"branchMap":{}},"contracts/stake/StakedToken.sol":{"l":{"68":6,"69":6,"70":6,"71":6,"72":6,"84":2,"85":2,"86":2,"87":2,"91":17,"92":16,"94":16,"96":16,"97":2,"98":2,"101":16,"103":16,"104":16,"106":16,"115":9,"117":8,"118":8,"122":6,"126":4,"128":4,"130":4,"132":4,"134":4,"135":2,"138":4,"140":4,"148":12,"150":11,"152":11,"161":3,"163":3,"165":3,"167":2,"169":2,"183":7,"185":7,"188":7,"189":6,"190":6,"192":6,"193":6,"200":6,"201":1,"205":7,"220":20,"222":20,"224":20,"225":5,"226":2,"228":5,"231":20,"254":22,"255":22,"256":18,"259":4,"262":4,"263":1,"265":3,"270":3,"271":1,"273":2,"279":3,"281":3,"290":58,"292":58,"297":58,"305":2},"path":"/src/contracts/stake/StakedToken.sol","s":{"1":6,"2":6,"3":6,"4":6,"5":6,"6":2,"7":2,"8":2,"9":2,"10":17,"11":16,"12":16,"13":16,"14":2,"15":2,"16":16,"17":16,"18":16,"19":16,"20":9,"21":8,"22":8,"23":6,"24":4,"25":4,"26":4,"27":4,"28":4,"29":2,"30":4,"31":4,"32":12,"33":11,"34":11,"35":3,"36":3,"37":3,"38":2,"39":2,"40":7,"41":7,"42":7,"43":6,"44":6,"45":6,"46":6,"47":6,"48":1,"49":7,"50":20,"51":20,"52":20,"53":5,"54":2,"55":5,"56":20,"57":22,"58":22,"59":18,"60":4,"61":4,"62":1,"63":3,"64":3,"65":1,"66":2,"67":3,"68":3,"69":58,"70":58,"71":58,"72":2},"b":{"1":[16,1],"2":[2,14],"3":[8,1],"4":[6,2],"5":[4,2],"6":[2,2],"7":[11,1],"8":[6,1],"9":[1,5],"10":[5,15],"11":[2,3],"12":[18,4],"13":[1,3],"14":[1,2]},"f":{"1":6,"2":2,"3":17,"4":9,"5":12,"6":3,"7":7,"8":20,"9":22,"10":58,"11":2},"fnMap":{"1":{"name":"constructor","line":66,"loc":{"start":{"line":52,"column":2},"end":{"line":73,"column":2}}},"2":{"name":"initialize","line":83,"loc":{"start":{"line":78,"column":2},"end":{"line":88,"column":2}}},"3":{"name":"stake","line":90,"loc":{"start":{"line":90,"column":2},"end":{"line":107,"column":2}}},"4":{"name":"redeem","line":114,"loc":{"start":{"line":114,"column":2},"end":{"line":141,"column":2}}},"5":{"name":"cooldown","line":147,"loc":{"start":{"line":147,"column":2},"end":{"line":153,"column":2}}},"6":{"name":"claimRewards","line":160,"loc":{"start":{"line":160,"column":2},"end":{"line":170,"column":2}}},"7":{"name":"_transfer","line":178,"loc":{"start":{"line":178,"column":2},"end":{"line":206,"column":2}}},"8":{"name":"_updateCurrentUnclaimedRewards","line":215,"loc":{"start":{"line":215,"column":2},"end":{"line":232,"column":2}}},"9":{"name":"getNextCooldownTimestamp","line":248,"loc":{"start":{"line":248,"column":2},"end":{"line":282,"column":2}}},"10":{"name":"getTotalRewardsBalance","line":289,"loc":{"start":{"line":289,"column":2},"end":{"line":298,"column":2}}},"11":{"name":"getRevision","line":304,"loc":{"start":{"line":304,"column":2},"end":{"line":306,"column":2}}}},"statementMap":{"1":{"start":{"line":68,"column":4},"end":{"line":68,"column":29}},"2":{"start":{"line":69,"column":4},"end":{"line":69,"column":29}},"3":{"start":{"line":70,"column":4},"end":{"line":70,"column":37}},"4":{"start":{"line":71,"column":4},"end":{"line":71,"column":33}},"5":{"start":{"line":72,"column":4},"end":{"line":72,"column":31}},"6":{"start":{"line":84,"column":4},"end":{"line":84,"column":17}},"7":{"start":{"line":85,"column":4},"end":{"line":85,"column":21}},"8":{"start":{"line":86,"column":4},"end":{"line":86,"column":25}},"9":{"start":{"line":87,"column":4},"end":{"line":87,"column":37}},"10":{"start":{"line":91,"column":4},"end":{"line":91,"column":46}},"11":{"start":{"line":92,"column":4},"end":{"line":92,"column":49}},"12":{"start":{"line":94,"column":4},"end":{"line":94,"column":3039}},"13":{"start":{"line":96,"column":4},"end":{"line":96,"column":3074}},"14":{"start":{"line":97,"column":6},"end":{"line":97,"column":53}},"15":{"start":{"line":98,"column":6},"end":{"line":98,"column":92}},"16":{"start":{"line":101,"column":4},"end":{"line":101,"column":96}},"17":{"start":{"line":103,"column":4},"end":{"line":103,"column":28}},"18":{"start":{"line":104,"column":4},"end":{"line":104,"column":75}},"19":{"start":{"line":106,"column":4},"end":{"line":106,"column":47}},"20":{"start":{"line":115,"column":4},"end":{"line":115,"column":46}},"21":{"start":{"line":117,"column":4},"end":{"line":117,"column":65}},"22":{"start":{"line":118,"column":4},"end":{"line":118,"column":3882}},"23":{"start":{"line":122,"column":4},"end":{"line":122,"column":4002}},"24":{"start":{"line":126,"column":4},"end":{"line":126,"column":58}},"25":{"start":{"line":128,"column":4},"end":{"line":128,"column":96}},"26":{"start":{"line":130,"column":4},"end":{"line":130,"column":75}},"27":{"start":{"line":132,"column":4},"end":{"line":132,"column":36}},"28":{"start":{"line":134,"column":4},"end":{"line":134,"column":4424}},"29":{"start":{"line":135,"column":6},"end":{"line":135,"column":37}},"30":{"start":{"line":138,"column":4},"end":{"line":138,"column":56}},"31":{"start":{"line":140,"column":4},"end":{"line":140,"column":47}},"32":{"start":{"line":148,"column":4},"end":{"line":148,"column":69}},"33":{"start":{"line":150,"column":4},"end":{"line":150,"column":49}},"34":{"start":{"line":152,"column":4},"end":{"line":152,"column":29}},"35":{"start":{"line":161,"column":4},"end":{"line":161,"column":5292}},"36":{"start":{"line":163,"column":4},"end":{"line":163,"column":84}},"37":{"start":{"line":165,"column":4},"end":{"line":165,"column":90}},"38":{"start":{"line":167,"column":4},"end":{"line":167,"column":66}},"39":{"start":{"line":169,"column":4},"end":{"line":169,"column":54}},"40":{"start":{"line":183,"column":4},"end":{"line":183,"column":43}},"41":{"start":{"line":185,"column":4},"end":{"line":185,"column":60}},"42":{"start":{"line":188,"column":4},"end":{"line":188,"column":6076}},"43":{"start":{"line":189,"column":6},"end":{"line":189,"column":41}},"44":{"start":{"line":190,"column":6},"end":{"line":190,"column":58}},"45":{"start":{"line":192,"column":6},"end":{"line":192,"column":61}},"46":{"start":{"line":193,"column":6},"end":{"line":193,"column":6270}},"47":{"start":{"line":200,"column":6},"end":{"line":200,"column":6504}},"48":{"start":{"line":201,"column":8},"end":{"line":201,"column":33}},"49":{"start":{"line":205,"column":4},"end":{"line":205,"column":36}},"50":{"start":{"line":220,"column":4},"end":{"line":220,"column":7222}},"51":{"start":{"line":222,"column":4},"end":{"line":222,"column":77}},"52":{"start":{"line":224,"column":4},"end":{"line":224,"column":7337}},"53":{"start":{"line":225,"column":6},"end":{"line":225,"column":7372}},"54":{"start":{"line":226,"column":8},"end":{"line":226,"column":52}},"55":{"start":{"line":228,"column":6},"end":{"line":228,"column":47}},"56":{"start":{"line":231,"column":4},"end":{"line":231,"column":27}},"57":{"start":{"line":254,"column":4},"end":{"line":254,"column":61}},"58":{"start":{"line":255,"column":4},"end":{"line":255,"column":8574}},"59":{"start":{"line":256,"column":6},"end":{"line":256,"column":14}},"60":{"start":{"line":259,"column":4},"end":{"line":259,"column":8692}},"61":{"start":{"line":262,"column":4},"end":{"line":262,"column":8743}},"62":{"start":{"line":263,"column":6},"end":{"line":263,"column":28}},"63":{"start":{"line":265,"column":6},"end":{"line":265,"column":8881}},"64":{"start":{"line":270,"column":6},"end":{"line":270,"column":9020}},"65":{"start":{"line":271,"column":8},"end":{"line":271,"column":34}},"66":{"start":{"line":273,"column":8},"end":{"line":273,"column":9169}},"67":{"start":{"line":279,"column":4},"end":{"line":279,"column":52}},"68":{"start":{"line":281,"column":4},"end":{"line":281,"column":30}},"69":{"start":{"line":290,"column":4},"end":{"line":290,"column":9681}},"70":{"start":{"line":292,"column":4},"end":{"line":292,"column":9752}},"71":{"start":{"line":297,"column":4},"end":{"line":297,"column":90}},"72":{"start":{"line":305,"column":4},"end":{"line":305,"column":19}}},"branchMap":{"1":{"line":91,"type":"if","locations":[{"start":{"line":91,"column":4},"end":{"line":91,"column":4}},{"start":{"line":91,"column":4},"end":{"line":91,"column":4}}]},"2":{"line":96,"type":"if","locations":[{"start":{"line":96,"column":4},"end":{"line":96,"column":4}},{"start":{"line":96,"column":4},"end":{"line":96,"column":4}}]},"3":{"line":115,"type":"if","locations":[{"start":{"line":115,"column":4},"end":{"line":115,"column":4}},{"start":{"line":115,"column":4},"end":{"line":115,"column":4}}]},"4":{"line":118,"type":"if","locations":[{"start":{"line":118,"column":4},"end":{"line":118,"column":4}},{"start":{"line":118,"column":4},"end":{"line":118,"column":4}}]},"5":{"line":122,"type":"if","locations":[{"start":{"line":122,"column":4},"end":{"line":122,"column":4}},{"start":{"line":122,"column":4},"end":{"line":122,"column":4}}]},"6":{"line":134,"type":"if","locations":[{"start":{"line":134,"column":4},"end":{"line":134,"column":4}},{"start":{"line":134,"column":4},"end":{"line":134,"column":4}}]},"7":{"line":148,"type":"if","locations":[{"start":{"line":148,"column":4},"end":{"line":148,"column":4}},{"start":{"line":148,"column":4},"end":{"line":148,"column":4}}]},"8":{"line":188,"type":"if","locations":[{"start":{"line":188,"column":4},"end":{"line":188,"column":4}},{"start":{"line":188,"column":4},"end":{"line":188,"column":4}}]},"9":{"line":200,"type":"if","locations":[{"start":{"line":200,"column":6},"end":{"line":200,"column":6}},{"start":{"line":200,"column":6},"end":{"line":200,"column":6}}]},"10":{"line":224,"type":"if","locations":[{"start":{"line":224,"column":4},"end":{"line":224,"column":4}},{"start":{"line":224,"column":4},"end":{"line":224,"column":4}}]},"11":{"line":225,"type":"if","locations":[{"start":{"line":225,"column":6},"end":{"line":225,"column":6}},{"start":{"line":225,"column":6},"end":{"line":225,"column":6}}]},"12":{"line":255,"type":"if","locations":[{"start":{"line":255,"column":4},"end":{"line":255,"column":4}},{"start":{"line":255,"column":4},"end":{"line":255,"column":4}}]},"13":{"line":262,"type":"if","locations":[{"start":{"line":262,"column":4},"end":{"line":262,"column":4}},{"start":{"line":262,"column":4},"end":{"line":262,"column":4}}]},"14":{"line":270,"type":"if","locations":[{"start":{"line":270,"column":6},"end":{"line":270,"column":6}},{"start":{"line":270,"column":6},"end":{"line":270,"column":6}}]}}},"contracts/stake/StakedTokenV2.sol":{"l":{"34":2,"89":6,"90":6,"91":6,"92":6,"93":6,"94":6,"95":6,"102":1,"105":1,"109":1,"121":18,"122":17,"124":17,"126":17,"127":2,"128":2,"131":17,"133":17,"134":17,"136":17,"145":9,"147":8,"148":8,"152":6,"156":4,"158":4,"160":4,"162":4,"164":4,"165":2,"168":4,"170":4,"178":14,"180":13,"182":13,"191":5,"193":5,"195":5,"197":3,"199":3,"213":11,"215":11,"218":11,"219":9,"220":9,"222":9,"223":9,"230":9,"231":1,"235":11,"250":30,"252":30,"254":30,"255":8,"256":3,"258":8,"261":30,"284":30,"285":30,"286":25,"289":5,"292":5,"293":1,"295":4,"300":4,"301":1,"303":3,"309":4,"311":4,"320":62,"322":62,"327":62,"335":1,"358":7,"360":6,"361":4,"362":4,"371":4,"372":2,"373":2,"390":37,"391":37,"393":37,"394":35,"396":37,"397":33,"400":37,"407":37,"408":37,"410":37,"411":35,"413":37,"414":33,"417":37,"425":37,"426":37,"427":32,"441":170,"442":86,"444":84,"471":5,"475":5,"476":5,"477":5,"478":4,"479":3,"480":2,"500":4,"501":4,"502":4,"503":4,"504":3,"505":2,"506":1,"507":1},"path":"/src/contracts/stake/StakedTokenV2.sol","s":{"1":2,"2":6,"3":6,"4":6,"5":6,"6":6,"7":6,"8":6,"9":1,"10":1,"11":18,"12":17,"13":17,"14":17,"15":2,"16":2,"17":17,"18":17,"19":17,"20":17,"21":9,"22":8,"23":8,"24":6,"25":4,"26":4,"27":4,"28":4,"29":4,"30":2,"31":4,"32":4,"33":14,"34":13,"35":13,"36":5,"37":5,"38":5,"39":3,"40":3,"41":11,"42":11,"43":11,"44":9,"45":9,"46":9,"47":9,"48":9,"49":1,"50":11,"51":30,"52":30,"53":30,"54":8,"55":3,"56":8,"57":30,"58":30,"59":30,"60":25,"61":5,"62":5,"63":1,"64":4,"65":4,"66":1,"67":3,"68":4,"69":4,"70":62,"71":62,"72":62,"73":1,"74":7,"75":6,"76":4,"77":4,"78":4,"79":2,"80":2,"81":37,"82":37,"83":37,"84":35,"85":37,"86":33,"87":37,"88":37,"89":37,"90":37,"91":35,"92":37,"93":33,"94":37,"95":37,"96":37,"97":32,"98":170,"99":86,"100":84,"101":5,"102":5,"103":5,"104":5,"105":4,"106":3,"107":2,"108":4,"109":4,"110":4,"111":4,"112":3,"113":2,"114":1,"115":1},"b":{"1":[17,1],"2":[2,15],"3":[8,1],"4":[6,2],"5":[4,2],"6":[2,2],"7":[13,1],"8":[9,2],"9":[1,8],"10":[8,22],"11":[3,5],"12":[25,5],"13":[1,4],"14":[1,3],"15":[6,1],"16":[4,2],"17":[2,2],"18":[35,2],"19":[33,4],"20":[35,2],"21":[33,4],"22":[32,5],"23":[86,84],"24":[4,1],"25":[3,1],"26":[2,1],"27":[3,1],"28":[2,1],"29":[1,1]},"f":{"1":2,"2":6,"3":1,"4":18,"5":9,"6":14,"7":5,"8":11,"9":30,"10":30,"11":62,"12":1,"13":7,"14":37,"15":170,"16":5,"17":4},"fnMap":{"1":{"name":"REVISION","line":33,"loc":{"start":{"line":33,"column":2},"end":{"line":35,"column":2}}},"2":{"name":"constructor","line":88,"loc":{"start":{"line":76,"column":2},"end":{"line":96,"column":2}}},"3":{"name":"initialize","line":101,"loc":{"start":{"line":101,"column":2},"end":{"line":118,"column":2}}},"4":{"name":"stake","line":120,"loc":{"start":{"line":120,"column":2},"end":{"line":137,"column":2}}},"5":{"name":"redeem","line":144,"loc":{"start":{"line":144,"column":2},"end":{"line":171,"column":2}}},"6":{"name":"cooldown","line":177,"loc":{"start":{"line":177,"column":2},"end":{"line":183,"column":2}}},"7":{"name":"claimRewards","line":190,"loc":{"start":{"line":190,"column":2},"end":{"line":200,"column":2}}},"8":{"name":"_transfer","line":208,"loc":{"start":{"line":208,"column":2},"end":{"line":236,"column":2}}},"9":{"name":"_updateCurrentUnclaimedRewards","line":245,"loc":{"start":{"line":245,"column":2},"end":{"line":262,"column":2}}},"10":{"name":"getNextCooldownTimestamp","line":278,"loc":{"start":{"line":278,"column":2},"end":{"line":312,"column":2}}},"11":{"name":"getTotalRewardsBalance","line":319,"loc":{"start":{"line":319,"column":2},"end":{"line":328,"column":2}}},"12":{"name":"getRevision","line":334,"loc":{"start":{"line":334,"column":2},"end":{"line":336,"column":2}}},"13":{"name":"permit","line":349,"loc":{"start":{"line":349,"column":2},"end":{"line":374,"column":2}}},"14":{"name":"_beforeTokenTransfer","line":385,"loc":{"start":{"line":385,"column":2},"end":{"line":429,"column":2}}},"15":{"name":"_getDelegationDataByType","line":431,"loc":{"start":{"line":431,"column":2},"end":{"line":450,"column":2}}},"16":{"name":"delegateByTypeBySig","line":462,"loc":{"start":{"line":462,"column":2},"end":{"line":481,"column":2}}},"17":{"name":"delegateBySig","line":492,"loc":{"start":{"line":492,"column":2},"end":{"line":508,"column":2}}}},"statementMap":{"1":{"start":{"line":34,"column":4},"end":{"line":34,"column":12}},"2":{"start":{"line":89,"column":4},"end":{"line":89,"column":29}},"3":{"start":{"line":90,"column":4},"end":{"line":90,"column":29}},"4":{"start":{"line":91,"column":4},"end":{"line":91,"column":37}},"5":{"start":{"line":92,"column":4},"end":{"line":92,"column":33}},"6":{"start":{"line":93,"column":4},"end":{"line":93,"column":31}},"7":{"start":{"line":94,"column":4},"end":{"line":94,"column":46}},"8":{"start":{"line":95,"column":4},"end":{"line":95,"column":33}},"9":{"start":{"line":102,"column":4},"end":{"line":102,"column":19}},"10":{"start":{"line":109,"column":4},"end":{"line":109,"column":3791}},"11":{"start":{"line":121,"column":4},"end":{"line":121,"column":46}},"12":{"start":{"line":122,"column":4},"end":{"line":122,"column":49}},"13":{"start":{"line":124,"column":4},"end":{"line":124,"column":4260}},"14":{"start":{"line":126,"column":4},"end":{"line":126,"column":4295}},"15":{"start":{"line":127,"column":6},"end":{"line":127,"column":53}},"16":{"start":{"line":128,"column":6},"end":{"line":128,"column":92}},"17":{"start":{"line":131,"column":4},"end":{"line":131,"column":96}},"18":{"start":{"line":133,"column":4},"end":{"line":133,"column":28}},"19":{"start":{"line":134,"column":4},"end":{"line":134,"column":75}},"20":{"start":{"line":136,"column":4},"end":{"line":136,"column":47}},"21":{"start":{"line":145,"column":4},"end":{"line":145,"column":46}},"22":{"start":{"line":147,"column":4},"end":{"line":147,"column":65}},"23":{"start":{"line":148,"column":4},"end":{"line":148,"column":5111}},"24":{"start":{"line":152,"column":4},"end":{"line":152,"column":5231}},"25":{"start":{"line":156,"column":4},"end":{"line":156,"column":58}},"26":{"start":{"line":158,"column":4},"end":{"line":158,"column":96}},"27":{"start":{"line":160,"column":4},"end":{"line":160,"column":75}},"28":{"start":{"line":162,"column":4},"end":{"line":162,"column":36}},"29":{"start":{"line":164,"column":4},"end":{"line":164,"column":5653}},"30":{"start":{"line":165,"column":6},"end":{"line":165,"column":37}},"31":{"start":{"line":168,"column":4},"end":{"line":168,"column":56}},"32":{"start":{"line":170,"column":4},"end":{"line":170,"column":47}},"33":{"start":{"line":178,"column":4},"end":{"line":178,"column":69}},"34":{"start":{"line":180,"column":4},"end":{"line":180,"column":49}},"35":{"start":{"line":182,"column":4},"end":{"line":182,"column":29}},"36":{"start":{"line":191,"column":4},"end":{"line":191,"column":6521}},"37":{"start":{"line":193,"column":4},"end":{"line":193,"column":84}},"38":{"start":{"line":195,"column":4},"end":{"line":195,"column":90}},"39":{"start":{"line":197,"column":4},"end":{"line":197,"column":66}},"40":{"start":{"line":199,"column":4},"end":{"line":199,"column":54}},"41":{"start":{"line":213,"column":4},"end":{"line":213,"column":43}},"42":{"start":{"line":215,"column":4},"end":{"line":215,"column":60}},"43":{"start":{"line":218,"column":4},"end":{"line":218,"column":7305}},"44":{"start":{"line":219,"column":6},"end":{"line":219,"column":41}},"45":{"start":{"line":220,"column":6},"end":{"line":220,"column":58}},"46":{"start":{"line":222,"column":6},"end":{"line":222,"column":61}},"47":{"start":{"line":223,"column":6},"end":{"line":223,"column":7499}},"48":{"start":{"line":230,"column":6},"end":{"line":230,"column":7733}},"49":{"start":{"line":231,"column":8},"end":{"line":231,"column":33}},"50":{"start":{"line":235,"column":4},"end":{"line":235,"column":36}},"51":{"start":{"line":250,"column":4},"end":{"line":250,"column":8451}},"52":{"start":{"line":252,"column":4},"end":{"line":252,"column":77}},"53":{"start":{"line":254,"column":4},"end":{"line":254,"column":8566}},"54":{"start":{"line":255,"column":6},"end":{"line":255,"column":8601}},"55":{"start":{"line":256,"column":8},"end":{"line":256,"column":52}},"56":{"start":{"line":258,"column":6},"end":{"line":258,"column":47}},"57":{"start":{"line":261,"column":4},"end":{"line":261,"column":27}},"58":{"start":{"line":284,"column":4},"end":{"line":284,"column":61}},"59":{"start":{"line":285,"column":4},"end":{"line":285,"column":9803}},"60":{"start":{"line":286,"column":6},"end":{"line":286,"column":14}},"61":{"start":{"line":289,"column":4},"end":{"line":289,"column":9921}},"62":{"start":{"line":292,"column":4},"end":{"line":292,"column":9972}},"63":{"start":{"line":293,"column":6},"end":{"line":293,"column":28}},"64":{"start":{"line":295,"column":6},"end":{"line":295,"column":10110}},"65":{"start":{"line":300,"column":6},"end":{"line":300,"column":10249}},"66":{"start":{"line":301,"column":8},"end":{"line":301,"column":34}},"67":{"start":{"line":303,"column":8},"end":{"line":303,"column":10398}},"68":{"start":{"line":309,"column":4},"end":{"line":309,"column":52}},"69":{"start":{"line":311,"column":4},"end":{"line":311,"column":30}},"70":{"start":{"line":320,"column":4},"end":{"line":320,"column":10910}},"71":{"start":{"line":322,"column":4},"end":{"line":322,"column":10981}},"72":{"start":{"line":327,"column":4},"end":{"line":327,"column":90}},"73":{"start":{"line":335,"column":4},"end":{"line":335,"column":21}},"74":{"start":{"line":358,"column":4},"end":{"line":358,"column":48}},"75":{"start":{"line":360,"column":4},"end":{"line":360,"column":61}},"76":{"start":{"line":361,"column":4},"end":{"line":361,"column":46}},"77":{"start":{"line":362,"column":4},"end":{"line":362,"column":12241}},"78":{"start":{"line":371,"column":4},"end":{"line":371,"column":68}},"79":{"start":{"line":372,"column":4},"end":{"line":372,"column":44}},"80":{"start":{"line":373,"column":4},"end":{"line":373,"column":34}},"81":{"start":{"line":390,"column":4},"end":{"line":390,"column":56}},"82":{"start":{"line":391,"column":4},"end":{"line":391,"column":52}},"83":{"start":{"line":393,"column":4},"end":{"line":393,"column":13207}},"84":{"start":{"line":394,"column":6},"end":{"line":394,"column":31}},"85":{"start":{"line":396,"column":4},"end":{"line":396,"column":13292}},"86":{"start":{"line":397,"column":6},"end":{"line":397,"column":27}},"87":{"start":{"line":400,"column":4},"end":{"line":400,"column":13372}},"88":{"start":{"line":407,"column":4},"end":{"line":407,"column":69}},"89":{"start":{"line":408,"column":4},"end":{"line":408,"column":65}},"90":{"start":{"line":410,"column":4},"end":{"line":410,"column":13645}},"91":{"start":{"line":411,"column":6},"end":{"line":411,"column":34}},"92":{"start":{"line":413,"column":4},"end":{"line":413,"column":13736}},"93":{"start":{"line":414,"column":6},"end":{"line":414,"column":30}},"94":{"start":{"line":417,"column":4},"end":{"line":417,"column":13822}},"95":{"start":{"line":425,"column":4},"end":{"line":425,"column":50}},"96":{"start":{"line":426,"column":4},"end":{"line":426,"column":14092}},"97":{"start":{"line":427,"column":6},"end":{"line":427,"column":48}},"98":{"start":{"line":441,"column":4},"end":{"line":441,"column":14523}},"99":{"start":{"line":442,"column":6},"end":{"line":442,"column":73}},"100":{"start":{"line":444,"column":6},"end":{"line":444,"column":14673}},"101":{"start":{"line":471,"column":4},"end":{"line":471,"column":15483}},"102":{"start":{"line":475,"column":4},"end":{"line":475,"column":90}},"103":{"start":{"line":476,"column":4},"end":{"line":476,"column":50}},"104":{"start":{"line":477,"column":4},"end":{"line":477,"column":56}},"105":{"start":{"line":478,"column":4},"end":{"line":478,"column":58}},"106":{"start":{"line":479,"column":4},"end":{"line":479,"column":59}},"107":{"start":{"line":480,"column":4},"end":{"line":480,"column":56}},"108":{"start":{"line":500,"column":4},"end":{"line":500,"column":91}},"109":{"start":{"line":501,"column":4},"end":{"line":501,"column":90}},"110":{"start":{"line":502,"column":4},"end":{"line":502,"column":50}},"111":{"start":{"line":503,"column":4},"end":{"line":503,"column":56}},"112":{"start":{"line":504,"column":4},"end":{"line":504,"column":58}},"113":{"start":{"line":505,"column":4},"end":{"line":505,"column":59}},"114":{"start":{"line":506,"column":4},"end":{"line":506,"column":69}},"115":{"start":{"line":507,"column":4},"end":{"line":507,"column":74}}},"branchMap":{"1":{"line":121,"type":"if","locations":[{"start":{"line":121,"column":4},"end":{"line":121,"column":4}},{"start":{"line":121,"column":4},"end":{"line":121,"column":4}}]},"2":{"line":126,"type":"if","locations":[{"start":{"line":126,"column":4},"end":{"line":126,"column":4}},{"start":{"line":126,"column":4},"end":{"line":126,"column":4}}]},"3":{"line":145,"type":"if","locations":[{"start":{"line":145,"column":4},"end":{"line":145,"column":4}},{"start":{"line":145,"column":4},"end":{"line":145,"column":4}}]},"4":{"line":148,"type":"if","locations":[{"start":{"line":148,"column":4},"end":{"line":148,"column":4}},{"start":{"line":148,"column":4},"end":{"line":148,"column":4}}]},"5":{"line":152,"type":"if","locations":[{"start":{"line":152,"column":4},"end":{"line":152,"column":4}},{"start":{"line":152,"column":4},"end":{"line":152,"column":4}}]},"6":{"line":164,"type":"if","locations":[{"start":{"line":164,"column":4},"end":{"line":164,"column":4}},{"start":{"line":164,"column":4},"end":{"line":164,"column":4}}]},"7":{"line":178,"type":"if","locations":[{"start":{"line":178,"column":4},"end":{"line":178,"column":4}},{"start":{"line":178,"column":4},"end":{"line":178,"column":4}}]},"8":{"line":218,"type":"if","locations":[{"start":{"line":218,"column":4},"end":{"line":218,"column":4}},{"start":{"line":218,"column":4},"end":{"line":218,"column":4}}]},"9":{"line":230,"type":"if","locations":[{"start":{"line":230,"column":6},"end":{"line":230,"column":6}},{"start":{"line":230,"column":6},"end":{"line":230,"column":6}}]},"10":{"line":254,"type":"if","locations":[{"start":{"line":254,"column":4},"end":{"line":254,"column":4}},{"start":{"line":254,"column":4},"end":{"line":254,"column":4}}]},"11":{"line":255,"type":"if","locations":[{"start":{"line":255,"column":6},"end":{"line":255,"column":6}},{"start":{"line":255,"column":6},"end":{"line":255,"column":6}}]},"12":{"line":285,"type":"if","locations":[{"start":{"line":285,"column":4},"end":{"line":285,"column":4}},{"start":{"line":285,"column":4},"end":{"line":285,"column":4}}]},"13":{"line":292,"type":"if","locations":[{"start":{"line":292,"column":4},"end":{"line":292,"column":4}},{"start":{"line":292,"column":4},"end":{"line":292,"column":4}}]},"14":{"line":300,"type":"if","locations":[{"start":{"line":300,"column":6},"end":{"line":300,"column":6}},{"start":{"line":300,"column":6},"end":{"line":300,"column":6}}]},"15":{"line":358,"type":"if","locations":[{"start":{"line":358,"column":4},"end":{"line":358,"column":4}},{"start":{"line":358,"column":4},"end":{"line":358,"column":4}}]},"16":{"line":360,"type":"if","locations":[{"start":{"line":360,"column":4},"end":{"line":360,"column":4}},{"start":{"line":360,"column":4},"end":{"line":360,"column":4}}]},"17":{"line":371,"type":"if","locations":[{"start":{"line":371,"column":4},"end":{"line":371,"column":4}},{"start":{"line":371,"column":4},"end":{"line":371,"column":4}}]},"18":{"line":393,"type":"if","locations":[{"start":{"line":393,"column":4},"end":{"line":393,"column":4}},{"start":{"line":393,"column":4},"end":{"line":393,"column":4}}]},"19":{"line":396,"type":"if","locations":[{"start":{"line":396,"column":4},"end":{"line":396,"column":4}},{"start":{"line":396,"column":4},"end":{"line":396,"column":4}}]},"20":{"line":410,"type":"if","locations":[{"start":{"line":410,"column":4},"end":{"line":410,"column":4}},{"start":{"line":410,"column":4},"end":{"line":410,"column":4}}]},"21":{"line":413,"type":"if","locations":[{"start":{"line":413,"column":4},"end":{"line":413,"column":4}},{"start":{"line":413,"column":4},"end":{"line":413,"column":4}}]},"22":{"line":426,"type":"if","locations":[{"start":{"line":426,"column":4},"end":{"line":426,"column":4}},{"start":{"line":426,"column":4},"end":{"line":426,"column":4}}]},"23":{"line":441,"type":"if","locations":[{"start":{"line":441,"column":4},"end":{"line":441,"column":4}},{"start":{"line":441,"column":4},"end":{"line":441,"column":4}}]},"24":{"line":477,"type":"if","locations":[{"start":{"line":477,"column":4},"end":{"line":477,"column":4}},{"start":{"line":477,"column":4},"end":{"line":477,"column":4}}]},"25":{"line":478,"type":"if","locations":[{"start":{"line":478,"column":4},"end":{"line":478,"column":4}},{"start":{"line":478,"column":4},"end":{"line":478,"column":4}}]},"26":{"line":479,"type":"if","locations":[{"start":{"line":479,"column":4},"end":{"line":479,"column":4}},{"start":{"line":479,"column":4},"end":{"line":479,"column":4}}]},"27":{"line":503,"type":"if","locations":[{"start":{"line":503,"column":4},"end":{"line":503,"column":4}},{"start":{"line":503,"column":4},"end":{"line":503,"column":4}}]},"28":{"line":504,"type":"if","locations":[{"start":{"line":504,"column":4},"end":{"line":504,"column":4}},{"start":{"line":504,"column":4},"end":{"line":504,"column":4}}]},"29":{"line":505,"type":"if","locations":[{"start":{"line":505,"column":4},"end":{"line":505,"column":4}},{"start":{"line":505,"column":4},"end":{"line":505,"column":4}}]}}},"contracts/stake/StakedTokenV3.sol":{"l":{"35":1,"51":7,"52":5,"56":4,"57":2,"95":1,"102":1,"105":1,"109":1,"119":1,"120":1,"121":1,"125":5,"126":4,"128":4,"134":4,"135":3,"136":3,"139":4,"141":4,"142":4,"144":4,"146":4,"155":2,"157":2,"159":2,"163":1,"167":1,"169":1,"171":1,"173":1,"175":1,"177":1,"178":0,"181":1,"183":1,"192":12,"194":12,"195":1,"198":11,"209":2,"211":2,"213":2,"215":1,"222":2,"230":1,"231":1,"238":2,"246":1,"247":1,"254":1,"262":1,"270":2,"272":1,"279":1,"288":1},"path":"/src/contracts/stake/StakedTokenV3.sol","s":{"1":1,"2":7,"3":4,"4":1,"5":1,"6":1,"7":1,"8":1,"9":1,"10":5,"11":4,"12":4,"13":4,"14":3,"15":3,"16":4,"17":4,"18":4,"19":4,"20":4,"21":2,"22":2,"23":2,"24":1,"25":1,"26":1,"27":1,"28":1,"29":1,"30":1,"31":0,"32":1,"33":1,"34":12,"35":12,"36":1,"37":11,"38":2,"39":2,"40":2,"41":1,"42":2,"43":1,"44":1,"45":2,"46":1,"47":1,"48":1,"49":1,"50":2,"51":1,"52":1,"53":1},"b":{"1":[5,2],"2":[2,2],"3":[4,1],"4":[3,1],"5":[2,0],"6":[1,1],"7":[1,0],"8":[0,1],"9":[1,11],"10":[1,1],"11":[1,1]},"f":{"1":1,"2":7,"3":4,"4":3,"5":1,"6":1,"7":5,"8":2,"9":12,"10":2,"11":2,"12":1,"13":2,"14":1,"15":1,"16":1,"17":2,"18":1,"19":1},"fnMap":{"1":{"name":"REVISION","line":34,"loc":{"start":{"line":34,"column":2},"end":{"line":36,"column":2}}},"2":{"name":"onlySlashingAdmin","line":50,"loc":{"start":{"line":50,"column":2},"end":{"line":53,"column":2}}},"3":{"name":"onlyCooldownAdmin","line":55,"loc":{"start":{"line":55,"column":4},"end":{"line":58,"column":2}}},"4":{"name":"constructor","line":89,"loc":{"start":{"line":67,"column":2},"end":{"line":90,"column":2}}},"5":{"name":"initialize","line":94,"loc":{"start":{"line":94,"column":2},"end":{"line":96,"column":2}}},"6":{"name":"initialize","line":101,"loc":{"start":{"line":101,"column":2},"end":{"line":122,"column":2}}},"7":{"name":"stake","line":124,"loc":{"start":{"line":124,"column":2},"end":{"line":147,"column":2}}},"8":{"name":"redeem","line":154,"loc":{"start":{"line":154,"column":2},"end":{"line":184,"column":2}}},"9":{"name":"exchangeRate","line":191,"loc":{"start":{"line":191,"column":2},"end":{"line":199,"column":2}}},"10":{"name":"slash","line":207,"loc":{"start":{"line":207,"column":2},"end":{"line":216,"column":2}}},"11":{"name":"getCooldownPauseAdmin","line":221,"loc":{"start":{"line":221,"column":2},"end":{"line":223,"column":2}}},"12":{"name":"setCooldownPauseAdmin","line":229,"loc":{"start":{"line":229,"column":2},"end":{"line":232,"column":2}}},"13":{"name":"getSlashingAdmin","line":237,"loc":{"start":{"line":237,"column":2},"end":{"line":239,"column":2}}},"14":{"name":"setSlashingAdmin","line":245,"loc":{"start":{"line":245,"column":2},"end":{"line":248,"column":2}}},"15":{"name":"getCooldownPaused","line":253,"loc":{"start":{"line":253,"column":2},"end":{"line":255,"column":2}}},"16":{"name":"setCooldownPause","line":261,"loc":{"start":{"line":261,"column":2},"end":{"line":263,"column":2}}},"17":{"name":"setMaxSlashablePercentage","line":269,"loc":{"start":{"line":269,"column":2},"end":{"line":273,"column":2}}},"18":{"name":"getMaxSlashablePercentage","line":278,"loc":{"start":{"line":278,"column":2},"end":{"line":280,"column":2}}},"19":{"name":"getRevision","line":287,"loc":{"start":{"line":287,"column":2},"end":{"line":289,"column":2}}}},"statementMap":{"1":{"start":{"line":35,"column":4},"end":{"line":35,"column":12}},"2":{"start":{"line":51,"column":4},"end":{"line":51,"column":69}},"3":{"start":{"line":56,"column":4},"end":{"line":56,"column":74}},"4":{"start":{"line":95,"column":4},"end":{"line":95,"column":23}},"5":{"start":{"line":102,"column":4},"end":{"line":102,"column":19}},"6":{"start":{"line":109,"column":4},"end":{"line":109,"column":3344}},"7":{"start":{"line":119,"column":4},"end":{"line":119,"column":33}},"8":{"start":{"line":120,"column":4},"end":{"line":120,"column":43}},"9":{"start":{"line":121,"column":4},"end":{"line":121,"column":51}},"10":{"start":{"line":125,"column":4},"end":{"line":125,"column":46}},"11":{"start":{"line":126,"column":4},"end":{"line":126,"column":49}},"12":{"start":{"line":128,"column":4},"end":{"line":128,"column":3888}},"13":{"start":{"line":134,"column":4},"end":{"line":134,"column":4029}},"14":{"start":{"line":135,"column":6},"end":{"line":135,"column":53}},"15":{"start":{"line":136,"column":6},"end":{"line":136,"column":92}},"16":{"start":{"line":139,"column":4},"end":{"line":139,"column":96}},"17":{"start":{"line":141,"column":4},"end":{"line":141,"column":63}},"18":{"start":{"line":142,"column":4},"end":{"line":142,"column":34}},"19":{"start":{"line":144,"column":4},"end":{"line":144,"column":75}},"20":{"start":{"line":146,"column":4},"end":{"line":146,"column":61}},"21":{"start":{"line":155,"column":4},"end":{"line":155,"column":46}},"22":{"start":{"line":157,"column":4},"end":{"line":157,"column":65}},"23":{"start":{"line":159,"column":4},"end":{"line":159,"column":4952}},"24":{"start":{"line":163,"column":4},"end":{"line":163,"column":5092}},"25":{"start":{"line":167,"column":4},"end":{"line":167,"column":58}},"26":{"start":{"line":169,"column":4},"end":{"line":169,"column":96}},"27":{"start":{"line":171,"column":4},"end":{"line":171,"column":75}},"28":{"start":{"line":173,"column":4},"end":{"line":173,"column":77}},"29":{"start":{"line":175,"column":4},"end":{"line":175,"column":36}},"30":{"start":{"line":177,"column":4},"end":{"line":177,"column":5594}},"31":{"start":{"line":178,"column":6},"end":{"line":178,"column":37}},"32":{"start":{"line":181,"column":4},"end":{"line":181,"column":60}},"33":{"start":{"line":183,"column":4},"end":{"line":183,"column":67}},"34":{"start":{"line":192,"column":4},"end":{"line":192,"column":41}},"35":{"start":{"line":194,"column":4},"end":{"line":194,"column":6245}},"36":{"start":{"line":195,"column":6},"end":{"line":195,"column":17}},"37":{"start":{"line":198,"column":4},"end":{"line":198,"column":77}},"38":{"start":{"line":209,"column":4},"end":{"line":209,"column":67}},"39":{"start":{"line":211,"column":4},"end":{"line":211,"column":70}},"40":{"start":{"line":213,"column":4},"end":{"line":213,"column":61}},"41":{"start":{"line":215,"column":4},"end":{"line":215,"column":57}},"42":{"start":{"line":222,"column":4},"end":{"line":222,"column":30}},"43":{"start":{"line":230,"column":4},"end":{"line":230,"column":30}},"44":{"start":{"line":231,"column":4},"end":{"line":231,"column":41}},"45":{"start":{"line":238,"column":4},"end":{"line":238,"column":26}},"46":{"start":{"line":246,"column":4},"end":{"line":246,"column":25}},"47":{"start":{"line":247,"column":4},"end":{"line":247,"column":36}},"48":{"start":{"line":254,"column":4},"end":{"line":254,"column":27}},"49":{"start":{"line":262,"column":4},"end":{"line":262,"column":27}},"50":{"start":{"line":270,"column":4},"end":{"line":270,"column":89}},"51":{"start":{"line":272,"column":4},"end":{"line":272,"column":39}},"52":{"start":{"line":279,"column":4},"end":{"line":279,"column":34}},"53":{"start":{"line":288,"column":4},"end":{"line":288,"column":21}}},"branchMap":{"1":{"line":51,"type":"if","locations":[{"start":{"line":51,"column":4},"end":{"line":51,"column":4}},{"start":{"line":51,"column":4},"end":{"line":51,"column":4}}]},"2":{"line":56,"type":"if","locations":[{"start":{"line":56,"column":4},"end":{"line":56,"column":4}},{"start":{"line":56,"column":4},"end":{"line":56,"column":4}}]},"3":{"line":125,"type":"if","locations":[{"start":{"line":125,"column":4},"end":{"line":125,"column":4}},{"start":{"line":125,"column":4},"end":{"line":125,"column":4}}]},"4":{"line":134,"type":"if","locations":[{"start":{"line":134,"column":4},"end":{"line":134,"column":4}},{"start":{"line":134,"column":4},"end":{"line":134,"column":4}}]},"5":{"line":155,"type":"if","locations":[{"start":{"line":155,"column":4},"end":{"line":155,"column":4}},{"start":{"line":155,"column":4},"end":{"line":155,"column":4}}]},"6":{"line":159,"type":"if","locations":[{"start":{"line":159,"column":4},"end":{"line":159,"column":4}},{"start":{"line":159,"column":4},"end":{"line":159,"column":4}}]},"7":{"line":163,"type":"if","locations":[{"start":{"line":163,"column":4},"end":{"line":163,"column":4}},{"start":{"line":163,"column":4},"end":{"line":163,"column":4}}]},"8":{"line":177,"type":"if","locations":[{"start":{"line":177,"column":4},"end":{"line":177,"column":4}},{"start":{"line":177,"column":4},"end":{"line":177,"column":4}}]},"9":{"line":194,"type":"if","locations":[{"start":{"line":194,"column":4},"end":{"line":194,"column":4}},{"start":{"line":194,"column":4},"end":{"line":194,"column":4}}]},"10":{"line":213,"type":"if","locations":[{"start":{"line":213,"column":4},"end":{"line":213,"column":4}},{"start":{"line":213,"column":4},"end":{"line":213,"column":4}}]},"11":{"line":270,"type":"if","locations":[{"start":{"line":270,"column":4},"end":{"line":270,"column":4}},{"start":{"line":270,"column":4},"end":{"line":270,"column":4}}]}}},"contracts/utils/MintableErc20.sol":{"l":{"23":7,"24":7},"path":"/src/contracts/utils/MintableErc20.sol","s":{"1":7,"2":7},"b":{},"f":{"1":3,"2":7},"fnMap":{"1":{"name":"constructor","line":15,"loc":{"start":{"line":11,"column":2},"end":{"line":15,"column":42}}},"2":{"name":"mint","line":22,"loc":{"start":{"line":22,"column":2},"end":{"line":25,"column":2}}}},"statementMap":{"1":{"start":{"line":23,"column":4},"end":{"line":23,"column":27}},"2":{"start":{"line":24,"column":4},"end":{"line":24,"column":15}}},"branchMap":{}},"contracts/utils/VersionedInitializable.sol":{"l":{"28":7,"29":7,"31":6,"33":6},"path":"/src/contracts/utils/VersionedInitializable.sol","s":{"1":7,"2":7,"3":6},"b":{"1":[6,1]},"f":{"1":7},"fnMap":{"1":{"name":"initializer","line":27,"loc":{"start":{"line":27,"column":2},"end":{"line":34,"column":2}}}},"statementMap":{"1":{"start":{"line":28,"column":4},"end":{"line":28,"column":36}},"2":{"start":{"line":29,"column":4},"end":{"line":29,"column":96}},"3":{"start":{"line":31,"column":4},"end":{"line":31,"column":37}}},"branchMap":{"1":{"line":29,"type":"if","locations":[{"start":{"line":29,"column":4},"end":{"line":29,"column":4}},{"start":{"line":29,"column":4},"end":{"line":29,"column":4}}]}}}}